0 info it worked if it ends with ok
1 verbose cli [ '/Users/tug/.nvm/versions/node/v6.1.0/bin/node',
1 verbose cli   '/Users/tug/.nvm/versions/node/v6.1.0/bin/npm',
1 verbose cli   'run',
1 verbose cli   'build' ]
2 info using npm@3.8.6
3 info using node@v6.1.0
4 verbose run-script [ 'prebuild', 'build', 'postbuild' ]
5 info lifecycle webpack-rtl-plugin@2.0.0~prebuild: webpack-rtl-plugin@2.0.0
6 silly lifecycle webpack-rtl-plugin@2.0.0~prebuild: no script for prebuild, continuing
7 info lifecycle webpack-rtl-plugin@2.0.0~build: webpack-rtl-plugin@2.0.0
8 verbose lifecycle webpack-rtl-plugin@2.0.0~build: unsafe-perm in lifecycle true
9 verbose lifecycle webpack-rtl-plugin@2.0.0~build: PATH: /Users/tug/.nvm/versions/node/v6.1.0/lib/node_modules/npm/bin/node-gyp-bin:/Users/tug/Work/Automattic/webpack-rtl-plugin/node_modules/.bin:/Users/tug/.nvm/versions/node/v6.1.0/bin:/Users/tug/.nvm/versions/node/v6.1.0/bin:/usr/local/bin:/usr/bin:/bin:/usr/sbin:/sbin:/opt/X11/bin
10 verbose lifecycle webpack-rtl-plugin@2.0.0~build: CWD: /Users/tug/Work/Automattic/webpack-rtl-plugin
11 silly lifecycle webpack-rtl-plugin@2.0.0~build: Args: [ '-c', 'rm -rf lib && babel src --out-dir lib' ]
12 info lifecycle webpack-rtl-plugin@2.0.0~build: Failed to exec build script
13 verbose stack Error: webpack-rtl-plugin@2.0.0 build: `rm -rf lib && babel src --out-dir lib`
13 verbose stack spawn ENOENT
13 verbose stack     at ChildProcess.<anonymous> (/Users/tug/.nvm/versions/node/v6.1.0/lib/node_modules/npm/lib/utils/spawn.js:17:16)
13 verbose stack     at emitTwo (events.js:106:13)
13 verbose stack     at ChildProcess.emit (events.js:191:7)
13 verbose stack     at maybeClose (internal/child_process.js:850:16)
13 verbose stack     at Process.ChildProcess._handle.onexit (internal/child_process.js:215:5)
14 verbose pkgid webpack-rtl-plugin@2.0.0
15 verbose cwd /Users/tug/Work/Automattic/webpack-rtl-plugin
16 error Darwin 16.0.0
17 error argv "/Users/tug/.nvm/versions/node/v6.1.0/bin/node" "/Users/tug/.nvm/versions/node/v6.1.0/bin/npm" "run" "build"
18 error node v6.1.0
19 error npm  v3.8.6
20 error file sh
21 error code ELIFECYCLE
22 error errno ENOENT
23 error syscall spawn
24 error webpack-rtl-plugin@2.0.0 build: `rm -rf lib && babel src --out-dir lib`
24 error spawn ENOENT
25 error Failed at the webpack-rtl-plugin@2.0.0 build script 'rm -rf lib && babel src --out-dir lib'.
25 error Make sure you have the latest version of node.js and npm installed.
25 error If you do, this is most likely a problem with the webpack-rtl-plugin package,
25 error not with npm itself.
25 error Tell the author that this fails on your system:
25 error     rm -rf lib && babel src --out-dir lib
25 error You can get information on how to open an issue for this project with:
25 error     npm bugs webpack-rtl-plugin
25 error Or if that isn't available, you can get their info via:
25 error     npm owner ls webpack-rtl-plugin
25 error There is likely additional logging output above.
26 verbose exit [ 1, true ]
